<?xml version="1.0" encoding="UTF-8"?>
<testng-results ignored="0" total="1" passed="1" failed="0" skipped="0">
  <reporter-output>
  </reporter-output>
  <suite started-at="2021-08-03T01:02:04 IST" name="Default suite" finished-at="2021-08-03T01:02:12 IST" duration-ms="7494">
    <groups>
    </groups>
    <test started-at="2021-08-03T01:02:04 IST" name="Default test" finished-at="2021-08-03T01:02:12 IST" duration-ms="7494">
      <class name="CompleteProject.ACompleteProject.callingBrowser">
        <test-method signature="callBrowser()[pri:0, instance:CompleteProject.ACompleteProject.callingBrowser@64cd705f]" started-at="2021-08-03T01:02:04 IST" name="callBrowser" finished-at="2021-08-03T01:02:12 IST" duration-ms="7467" status="PASS">
          <reporter-output>
          </reporter-output>
        </test-method> <!-- callBrowser -->
      </class> <!-- CompleteProject.ACompleteProject.callingBrowser -->
    </test> <!-- Default test -->
  </suite> <!-- Default suite -->
</testng-results>
